update @ 2025-04-08_11-10-03 Reason: Manual Update
   Firmware: Success
    Config: Success
update @ 2025-04-08_11-40-42 Reason: Manual Update
   Start: Success
    Config: Success
update @ 2025-04-08_11-41-45 Reason: Manual Update
   Start: Success
    Config: Success
update @ 2025-04-08_11-45-22 Reason: Manual Update
   Start: Success
    Config: Success
    firmware: Success
update @ 2025-04-08_11-46-30 Reason: Manual Update
   Start: Success
    Config: Success
    firmware: Success
update @ 2025-04-08_12-28-41 Reason: Manual Update
   Start: Success
    Config: Success
    firmware: Success
update @ 2025-04-08_14-40-39 Reason: Manual Update
   Start: Success
    Config: Success
